2016/01/19 17:54:55 [error] [exception.CHttpException.404] exception 'CHttpException' with message 'The system is unable to find the requested action "news".' in /var/www/html/avi/yiisite/yii_framework/framework/web/CController.php:483
Stack trace:
#0 /var/www/html/avi/yiisite/yii_framework/framework/web/CController.php(270): CController->missingAction('news')
#1 /var/www/html/avi/yiisite/yii_framework/framework/web/CWebApplication.php(282): CController->run('news')
#2 /var/www/html/avi/yiisite/yii_framework/framework/web/CWebApplication.php(141): CWebApplication->runController('site/news')
#3 /var/www/html/avi/yiisite/yii_framework/framework/base/CApplication.php(169): CWebApplication->processRequest()
#4 /var/www/html/avi/yiisite/yiisite/index.php(13): CApplication->run()
#5 {main}
REQUEST_URI=/avi/yiisite/yiisite/site/news
HTTP_REFERER=http://arit.com/avi/yiisite/yiisite/news/1
---
2016/01/19 18:01:24 [error] [php] Undefined variable: model (/var/www/html/avi/yiisite/yiisite/protected/views/site/index.php:9)
Stack trace:
#0 /var/www/html/avi/yiisite/yii_framework/framework/web/CController.php(869): SiteController->renderFile()
#1 /var/www/html/avi/yiisite/yii_framework/framework/web/CController.php(782): SiteController->renderPartial()
#2 /var/www/html/avi/yiisite/yiisite/protected/controllers/SiteController.php(32): SiteController->render()
#3 /var/www/html/avi/yiisite/yii_framework/framework/web/actions/CInlineAction.php(49): SiteController->actionIndex()
#4 /var/www/html/avi/yiisite/yii_framework/framework/web/CController.php(308): CInlineAction->runWithParams()
#5 /var/www/html/avi/yiisite/yii_framework/framework/web/CController.php(286): SiteController->runAction()
#6 /var/www/html/avi/yiisite/yii_framework/framework/web/CController.php(265): SiteController->runActionWithFilters()
#7 /var/www/html/avi/yiisite/yii_framework/framework/web/CWebApplication.php(282): SiteController->run()
#8 /var/www/html/avi/yiisite/yii_framework/framework/web/CWebApplication.php(141): CWebApplication->runController()
#9 /var/www/html/avi/yiisite/yii_framework/framework/base/CApplication.php(169): CWebApplication->processRequest()
#10 /var/www/html/avi/yiisite/yiisite/index.php(13): CWebApplication->run()
REQUEST_URI=/avi/yiisite/yiisite/
in /var/www/html/avi/yiisite/yiisite/protected/views/site/index.php (9)
in /var/www/html/avi/yiisite/yiisite/protected/controllers/SiteController.php (32)
in /var/www/html/avi/yiisite/yiisite/index.php (13)
2016/01/19 19:46:39 [error] [php] Illegal offset type in isset or empty (/var/www/html/avi/yiisite/yii_framework/framework/db/schema/CDbSchema.php:74)
Stack trace:
#0 /var/www/html/avi/yiisite/yii_framework/framework/db/ar/CActiveRecord.php(402): model()
#1 /var/www/html/avi/yiisite/yii_framework/framework/db/ar/CActiveRecord.php(77): Expenses->getMetaData()
#2 /var/www/html/avi/yiisite/yiisite/protected/controllers/ExpensesController.php(65): Expenses->__construct()
#3 /var/www/html/avi/yiisite/yii_framework/framework/web/actions/CInlineAction.php(49): ExpensesController->actionCreate()
#4 /var/www/html/avi/yiisite/yii_framework/framework/web/CController.php(308): CInlineAction->runWithParams()
#5 /var/www/html/avi/yiisite/yii_framework/framework/web/filters/CFilterChain.php(133): ExpensesController->runAction()
#6 /var/www/html/avi/yiisite/yii_framework/framework/web/filters/CFilter.php(40): CFilterChain->run()
#7 /var/www/html/avi/yiisite/yii_framework/framework/web/CController.php(1145): CAccessControlFilter->filter()
#8 /var/www/html/avi/yiisite/yii_framework/framework/web/filters/CInlineFilter.php(58): ExpensesController->filterAccessControl()
#9 /var/www/html/avi/yiisite/yii_framework/framework/web/filters/CFilterChain.php(130): CInlineFilter->filter()
#10 /var/www/html/avi/yiisite/yii_framework/framework/web/CController.php(291): CFilterChain->run()
#11 /var/www/html/avi/yiisite/yii_framework/framework/web/CController.php(265): ExpensesController->runActionWithFilters()
#12 /var/www/html/avi/yiisite/yii_framework/framework/web/CWebApplication.php(282): ExpensesController->run()
#13 /var/www/html/avi/yiisite/yii_framework/framework/web/CWebApplication.php(141): CWebApplication->runController()
#14 /var/www/html/avi/yiisite/yii_framework/framework/base/CApplication.php(169): CWebApplication->processRequest()
#15 /var/www/html/avi/yiisite/yiisite/index.php(13): CWebApplication->run()
REQUEST_URI=/avi/yiisite/yiisite/expenses/create
in /var/www/html/avi/yiisite/yiisite/protected/controllers/ExpensesController.php (65)
in /var/www/html/avi/yiisite/yiisite/index.php (13)
2016/01/21 13:00:20 [error] [exception.CException] exception 'CException' with message 'Property "Expenses.status" is not defined.' in /var/www/html/avi/yiisite/yii_framework/framework/base/CComponent.php:130
Stack trace:
#0 /var/www/html/avi/yiisite/yii_framework/framework/db/ar/CActiveRecord.php(143): CComponent->__get('status')
#1 /var/www/html/avi/yiisite/yii_framework/framework/web/helpers/CHtml.php(2255): CActiveRecord->__get('status')
#2 /var/www/html/avi/yiisite/yii_framework/framework/web/helpers/CHtml.php(1565): CHtml::resolveValue(Object(Expenses), 'status')
#3 /var/www/html/avi/yiisite/yii_framework/framework/web/widgets/CActiveForm.php(763): CHtml::activeDropDownList(Object(Expenses), 'status', Array, Array)
#4 /var/www/html/avi/yiisite/yiisite/protected/views/expenses/_form.php(37): CActiveForm->dropDownList(Object(Expenses), 'status', Array, Array)
#5 /var/www/html/avi/yiisite/yii_framework/framework/web/CBaseController.php(126): require('/var/www/html/a...')
#6 /var/www/html/avi/yiisite/yii_framework/framework/web/CBaseController.php(95): CBaseController->renderInternal('/var/www/html/a...', Array, true)
#7 /var/www/html/avi/yiisite/yii_framework/framework/web/CController.php(869): CBaseController->renderFile('/var/www/html/a...', Array, true)
#8 /var/www/html/avi/yiisite/yiisite/protected/views/expenses/create.php(18): CController->renderPartial('_form', Array)
#9 /var/www/html/avi/yiisite/yii_framework/framework/web/CBaseController.php(126): require('/var/www/html/a...')
#10 /var/www/html/avi/yiisite/yii_framework/framework/web/CBaseController.php(95): CBaseController->renderInternal('/var/www/html/a...', Array, true)
#11 /var/www/html/avi/yiisite/yii_framework/framework/web/CController.php(869): CBaseController->renderFile('/var/www/html/a...', Array, true)
#12 /var/www/html/avi/yiisite/yii_framework/framework/web/CController.php(782): CController->renderPartial('create', Array, true)
#13 /var/www/html/avi/yiisite/yiisite/protected/controllers/ExpensesController.php(79): CController->render('create', Array)
#14 /var/www/html/avi/yiisite/yii_framework/framework/web/actions/CInlineAction.php(49): ExpensesController->actionCreate()
#15 /var/www/html/avi/yiisite/yii_framework/framework/web/CController.php(308): CInlineAction->runWithParams(Array)
#16 /var/www/html/avi/yiisite/yii_framework/framework/web/filters/CFilterChain.php(133): CController->runAction(Object(CInlineAction))
#17 /var/www/html/avi/yiisite/yii_framework/framework/web/filters/CFilter.php(40): CFilterChain->run()
#18 /var/www/html/avi/yiisite/yii_framework/framework/web/CController.php(1145): CFilter->filter(Object(CFilterChain))
#19 /var/www/html/avi/yiisite/yii_framework/framework/web/filters/CInlineFilter.php(58): CController->filterAccessControl(Object(CFilterChain))
#20 /var/www/html/avi/yiisite/yii_framework/framework/web/filters/CFilterChain.php(130): CInlineFilter->filter(Object(CFilterChain))
#21 /var/www/html/avi/yiisite/yii_framework/framework/web/CController.php(291): CFilterChain->run()
#22 /var/www/html/avi/yiisite/yii_framework/framework/web/CController.php(265): CController->runActionWithFilters(Object(CInlineAction), Array)
#23 /var/www/html/avi/yiisite/yii_framework/framework/web/CWebApplication.php(282): CController->run('create')
#24 /var/www/html/avi/yiisite/yii_framework/framework/web/CWebApplication.php(141): CWebApplication->runController('expenses/create')
#25 /var/www/html/avi/yiisite/yii_framework/framework/base/CApplication.php(169): CWebApplication->processRequest()
#26 /var/www/html/avi/yiisite/yiisite/index.php(13): CApplication->run()
#27 {main}
REQUEST_URI=/avi/yiisite/yiisite/expenses/create
HTTP_REFERER=http://arit.com/avi/yiisite/yiisite/site/login
---
2016/01/21 13:09:36 [error] [exception.CException] exception 'CException' with message 'Property "Expenses.datecolumn_name" is not defined.' in /var/www/html/avi/yiisite/yii_framework/framework/base/CComponent.php:130
Stack trace:
#0 /var/www/html/avi/yiisite/yii_framework/framework/db/ar/CActiveRecord.php(143): CComponent->__get('datecolumn_name')
#1 /var/www/html/avi/yiisite/yiisite/protected/views/expenses/_form.php(25): CActiveRecord->__get('datecolumn_name')
#2 /var/www/html/avi/yiisite/yii_framework/framework/web/CBaseController.php(126): require('/var/www/html/a...')
#3 /var/www/html/avi/yiisite/yii_framework/framework/web/CBaseController.php(95): CBaseController->renderInternal('/var/www/html/a...', Array, true)
#4 /var/www/html/avi/yiisite/yii_framework/framework/web/CController.php(869): CBaseController->renderFile('/var/www/html/a...', Array, true)
#5 /var/www/html/avi/yiisite/yiisite/protected/views/expenses/create.php(18): CController->renderPartial('_form', Array)
#6 /var/www/html/avi/yiisite/yii_framework/framework/web/CBaseController.php(126): require('/var/www/html/a...')
#7 /var/www/html/avi/yiisite/yii_framework/framework/web/CBaseController.php(95): CBaseController->renderInternal('/var/www/html/a...', Array, true)
#8 /var/www/html/avi/yiisite/yii_framework/framework/web/CController.php(869): CBaseController->renderFile('/var/www/html/a...', Array, true)
#9 /var/www/html/avi/yiisite/yii_framework/framework/web/CController.php(782): CController->renderPartial('create', Array, true)
#10 /var/www/html/avi/yiisite/yiisite/protected/controllers/ExpensesController.php(79): CController->render('create', Array)
#11 /var/www/html/avi/yiisite/yii_framework/framework/web/actions/CInlineAction.php(49): ExpensesController->actionCreate()
#12 /var/www/html/avi/yiisite/yii_framework/framework/web/CController.php(308): CInlineAction->runWithParams(Array)
#13 /var/www/html/avi/yiisite/yii_framework/framework/web/filters/CFilterChain.php(133): CController->runAction(Object(CInlineAction))
#14 /var/www/html/avi/yiisite/yii_framework/framework/web/filters/CFilter.php(40): CFilterChain->run()
#15 /var/www/html/avi/yiisite/yii_framework/framework/web/CController.php(1145): CFilter->filter(Object(CFilterChain))
#16 /var/www/html/avi/yiisite/yii_framework/framework/web/filters/CInlineFilter.php(58): CController->filterAccessControl(Object(CFilterChain))
#17 /var/www/html/avi/yiisite/yii_framework/framework/web/filters/CFilterChain.php(130): CInlineFilter->filter(Object(CFilterChain))
#18 /var/www/html/avi/yiisite/yii_framework/framework/web/CController.php(291): CFilterChain->run()
#19 /var/www/html/avi/yiisite/yii_framework/framework/web/CController.php(265): CController->runActionWithFilters(Object(CInlineAction), Array)
#20 /var/www/html/avi/yiisite/yii_framework/framework/web/CWebApplication.php(282): CController->run('create')
#21 /var/www/html/avi/yiisite/yii_framework/framework/web/CWebApplication.php(141): CWebApplication->runController('expenses/create')
#22 /var/www/html/avi/yiisite/yii_framework/framework/base/CApplication.php(169): CWebApplication->processRequest()
#23 /var/www/html/avi/yiisite/yiisite/index.php(13): CApplication->run()
#24 {main}
REQUEST_URI=/avi/yiisite/yiisite/expenses/create
HTTP_REFERER=http://arit.com/avi/yiisite/yiisite/expenses/index
---
